#
# There is insufficient memory for the Java Runtime Environment to continue.
# Native memory allocation (malloc) failed to allocate 1048576 bytes. Error detail: AllocateHeap
# Possible reasons:
#   The system is out of physical RAM or swap space
#   This process is running with CompressedOops enabled, and the Java Heap may be blocking the growth of the native heap
# Possible solutions:
#   Reduce memory load on the system
#   Increase physical memory or swap space
#   Check if swap backing store is full
#   Decrease Java heap size (-Xmx/-Xms)
#   Decrease number of Java threads
#   Decrease Java thread stack sizes (-Xss)
#   Set larger code cache with -XX:ReservedCodeCacheSize=
#   JVM is running with Zero Based Compressed Oops mode in which the Java heap is
#     placed in the first 32GB address space. The Java Heap base address is the
#     maximum limit for the native heap growth. Please use -XX:HeapBaseMinAddress
#     to set the Java Heap base and to place the Java Heap above 32GB virtual address.
# This output file may be truncated or incomplete.
#
#  Out of Memory Error (allocation.cpp:44), pid=29088, tid=25628
#
# JRE version:  (21.0.5+8) (build )
# Java VM: OpenJDK 64-Bit Server VM (21.0.5+8-b631.16, mixed mode, sharing, tiered, compressed oops, compressed class ptrs, g1 gc, windows-amd64)
# No core dump will be written. Minidumps are not enabled by default on client versions of Windows
#

---------------  S U M M A R Y ------------

Command Line: git4idea.http.GitAskPassApp Username for 'https://github.com': 

Host: 11th Gen Intel(R) Core(TM) i7-11370H @ 3.30GHz, 8 cores, 15G,  Windows 11 , 64 bit Build 26100 (10.0.26100.2416)
Time: Mon Dec 16 14:03:15 2024  Windows 11 , 64 bit Build 26100 (10.0.26100.2416) elapsed time: 0.010339 seconds (0d 0h 0m 0s)

---------------  T H R E A D  ---------------

Current thread (0x0000019ce7d75600):  JavaThread "Unknown thread" [_thread_in_vm, id=25628, stack(0x000000845b700000,0x000000845b800000) (1024K)]

Stack: [0x000000845b700000,0x000000845b800000]
Native frames: (J=compiled Java code, j=interpreted, Vv=VM code, C=native code)
V  [jvm.dll+0x6e52b9]
V  [jvm.dll+0x8c3633]
V  [jvm.dll+0x8c5b8e]
V  [jvm.dll+0x8c6273]
V  [jvm.dll+0x288f46]
V  [jvm.dll+0xc0e57]
V  [jvm.dll+0x33e2e5]
V  [jvm.dll+0x3368f1]
V  [jvm.dll+0x88aa89]
V  [jvm.dll+0x3ca518]
V  [jvm.dll+0x873b98]
V  [jvm.dll+0x45eede]
V  [jvm.dll+0x460bc1]
C  [jli.dll+0x52ab]
C  [ucrtbase.dll+0x14ea0]
C  [KERNEL32.DLL+0x2e8d7]
C  [ntdll.dll+0xdf36c]


---------------  P R O C E S S  ---------------

Threads class SMR info:
_java_thread_list=0x00007ffd8c4fa148, length=0, elements={
}

Java Threads: ( => current thread )
Total: 0

Other Threads:
  0x0000019ce7dd83b0 WorkerThread "GC Thread#0"                     [id=42296, stack(0x000000845b800000,0x000000845b900000) (1024K)]

[error occurred during error reporting (printing all threads), id 0xc0000005, EXCEPTION_ACCESS_VIOLATION (0xc0000005) at pc=0x00007ffd8bbe2ed0]
VM state: not at safepoint (not fully initialized)

VM Mutex/Monitor currently owned by a thread:  ([mutex/lock_event])
[0x00007ffd8c56eb30] Heap_lock - owner thread: 0x0000019ce7d75600

Heap address: 0x0000000704c00000, size: 4020 MB, Compressed Oops mode: Zero based, Oop shift amount: 3

CDS archive(s) mapped at: [0x0000000000000000-0x0000000000000000-0x0000000000000000), size 0, SharedBaseAddress: 0x0000000800000000, ArchiveRelocationMode: 1.
Narrow klass base: 0x0000000000000000, Narrow klass shift: 0, Narrow klass range: 0x0

GC Precious Log:
 CardTable entry size: 512
 Card Set container configuration: InlinePtr #cards 4 size 8 Array Of Cards #cards 16 size 48 Howl #buckets 8 coarsen threshold 3686 Howl Bitmap #cards 512 size 80 coarsen threshold 460 Card regions per heap region 1 cards per card region 4096

Heap:
 garbage-first heap   total 0K, used 0K [0x0000000704c00000, 0x0000000800000000)
  region size 2048K, 0 young (0K), 0 survivors (0K)
 Metaspace       used 0K, committed 0K, reserved 0K
  class space    used 0K, committed 0K, reserved 0K

Heap Regions: E=young(eden), S=young(survivor), O=old, HS=humongous(starts), HC=humongous(continues), CS=collection set, F=free, TAMS=top-at-mark-start, PB=parsable bottom

Card table byte_map: [0x0000019cfbfe0000,0x0000019cfc7c0000] _byte_map_base: 0x0000019cf87ba000

GC Heap History (0 events):
No events

Dll operation events (1 events):
Event: 0.006 Loaded shared library C:\Program Files\JetBrains\PhpStorm 2024.2.4\jbr\bin\java.dll

Deoptimization events (0 events):
No events

Classes loaded (0 events):
No events

Classes unloaded (0 events):
No events

Classes redefined (0 events):
No events

Internal exceptions (0 events):
No events

ZGC Phase Switch (0 events):
No events

VM Operations (0 events):
No events

Memory protections (0 events):
No events

Nmethod flushes (0 events):
No events

Events (0 events):
No events


Dynamic libraries:
0x00007ff776240000 - 0x00007ff77624a000 	C:\Program Files\JetBrains\PhpStorm 2024.2.4\jbr\bin\java.exe
0x00007ffe5ec00000 - 0x00007ffe5ee63000 	C:\WINDOWS\SYSTEM32\ntdll.dll
0x00007ffe5cad0000 - 0x00007ffe5cb98000 	C:\WINDOWS\System32\KERNEL32.DLL
0x00007ffe5c5a0000 - 0x00007ffe5c954000 	C:\WINDOWS\System32\KERNELBASE.dll
0x00007ffe5bf80000 - 0x00007ffe5c0cb000 	C:\WINDOWS\System32\ucrtbase.dll
0x00007ffe3add0000 - 0x00007ffe3adeb000 	C:\Program Files\JetBrains\PhpStorm 2024.2.4\jbr\bin\VCRUNTIME140.dll
0x00007ffe0ae40000 - 0x00007ffe0ae58000 	C:\Program Files\JetBrains\PhpStorm 2024.2.4\jbr\bin\jli.dll
0x00007ffe5e910000 - 0x00007ffe5ead8000 	C:\WINDOWS\System32\USER32.dll
0x00007ffe5c4e0000 - 0x00007ffe5c507000 	C:\WINDOWS\System32\win32u.dll
0x00007ffe41630000 - 0x00007ffe418c0000 	C:\WINDOWS\WinSxS\amd64_microsoft.windows.common-controls_6595b64144ccf1df_6.0.26100.2494_none_3e0f69cae32e12bc\COMCTL32.dll
0x00007ffe5cbb0000 - 0x00007ffe5cbda000 	C:\WINDOWS\System32\GDI32.dll
0x00007ffe5de90000 - 0x00007ffe5df39000 	C:\WINDOWS\System32\msvcrt.dll
0x00007ffe5c230000 - 0x00007ffe5c35b000 	C:\WINDOWS\System32\gdi32full.dll
0x00007ffe5c960000 - 0x00007ffe5ca03000 	C:\WINDOWS\System32\msvcp_win.dll
0x00007ffe5d5f0000 - 0x00007ffe5d61f000 	C:\WINDOWS\System32\IMM32.DLL
0x00007ffe54220000 - 0x00007ffe5422c000 	C:\Program Files\JetBrains\PhpStorm 2024.2.4\jbr\bin\vcruntime140_1.dll
0x00007ffdd3090000 - 0x00007ffdd311d000 	C:\Program Files\JetBrains\PhpStorm 2024.2.4\jbr\bin\msvcp140.dll
0x00007ffd8b8a0000 - 0x00007ffd8c661000 	C:\Program Files\JetBrains\PhpStorm 2024.2.4\jbr\bin\server\jvm.dll
0x00007ffe5ca10000 - 0x00007ffe5cac3000 	C:\WINDOWS\System32\ADVAPI32.dll
0x00007ffe5eae0000 - 0x00007ffe5eb86000 	C:\WINDOWS\System32\sechost.dll
0x00007ffe5e6e0000 - 0x00007ffe5e7f6000 	C:\WINDOWS\System32\RPCRT4.dll
0x00007ffe5cbe0000 - 0x00007ffe5cc54000 	C:\WINDOWS\System32\WS2_32.dll
0x00007ffe5b540000 - 0x00007ffe5b58e000 	C:\WINDOWS\SYSTEM32\POWRPROF.dll
0x00007ffe4e8c0000 - 0x00007ffe4e8f6000 	C:\WINDOWS\SYSTEM32\WINMM.dll
0x00007ffe51980000 - 0x00007ffe5198b000 	C:\WINDOWS\SYSTEM32\VERSION.dll
0x00007ffe5b3c0000 - 0x00007ffe5b3d4000 	C:\WINDOWS\SYSTEM32\UMPDC.dll
0x00007ffe5ad80000 - 0x00007ffe5ad9a000 	C:\WINDOWS\SYSTEM32\kernel.appcore.dll
0x00007ffe3b290000 - 0x00007ffe3b29a000 	C:\Program Files\JetBrains\PhpStorm 2024.2.4\jbr\bin\jimage.dll
0x00007ffe59910000 - 0x00007ffe59b51000 	C:\WINDOWS\SYSTEM32\DBGHELP.DLL
0x00007ffe5e0e0000 - 0x00007ffe5e45e000 	C:\WINDOWS\System32\combase.dll
0x00007ffe5e500000 - 0x00007ffe5e5d6000 	C:\WINDOWS\System32\OLEAUT32.dll
0x00007ffe38570000 - 0x00007ffe385a9000 	C:\WINDOWS\SYSTEM32\dbgcore.DLL
0x00007ffe5c190000 - 0x00007ffe5c229000 	C:\WINDOWS\System32\bcryptPrimitives.dll
0x00007ffe11a50000 - 0x00007ffe11a70000 	C:\Program Files\JetBrains\PhpStorm 2024.2.4\jbr\bin\java.dll

dbghelp: loaded successfully - version: 4.0.5 - missing functions: none
symbol engine: initialized successfully - sym options: 0x614 - pdb path: .;C:\Program Files\JetBrains\PhpStorm 2024.2.4\jbr\bin;C:\WINDOWS\SYSTEM32;C:\WINDOWS\WinSxS\amd64_microsoft.windows.common-controls_6595b64144ccf1df_6.0.26100.2494_none_3e0f69cae32e12bc;C:\Program Files\JetBrains\PhpStorm 2024.2.4\jbr\bin\server

VM Arguments:
java_command: git4idea.http.GitAskPassApp Username for 'https://github.com': 
java_class_path (initial): C:/Program Files/JetBrains/PhpStorm 2024.2.4/plugins/vcs-git/lib/git4idea-rt.jar;C:/Program Files/JetBrains/PhpStorm 2024.2.4/lib/externalProcess-rt.jar
Launcher Type: SUN_STANDARD

[Global flags]
     intx CICompilerCount                          = 4                                         {product} {ergonomic}
     uint ConcGCThreads                            = 2                                         {product} {ergonomic}
     uint G1ConcRefinementThreads                  = 8                                         {product} {ergonomic}
   size_t G1HeapRegionSize                         = 2097152                                   {product} {ergonomic}
    uintx GCDrainStackTargetSize                   = 64                                        {product} {ergonomic}
   size_t InitialHeapSize                          = 264241152                                 {product} {ergonomic}
   size_t MarkStackSize                            = 4194304                                   {product} {ergonomic}
   size_t MaxHeapSize                              = 4215275520                                {product} {ergonomic}
   size_t MinHeapDeltaBytes                        = 2097152                                   {product} {ergonomic}
   size_t MinHeapSize                              = 8388608                                   {product} {ergonomic}
    uintx NonNMethodCodeHeapSize                   = 5839372                                {pd product} {ergonomic}
    uintx NonProfiledCodeHeapSize                  = 122909434                              {pd product} {ergonomic}
    uintx ProfiledCodeHeapSize                     = 122909434                              {pd product} {ergonomic}
    uintx ReservedCodeCacheSize                    = 251658240                              {pd product} {ergonomic}
     bool SegmentedCodeCache                       = true                                      {product} {ergonomic}
   size_t SoftMaxHeapSize                          = 4215275520                             {manageable} {ergonomic}
     bool UseCompressedOops                        = true                           {product lp64_product} {ergonomic}
     bool UseG1GC                                  = true                                      {product} {ergonomic}
     bool UseLargePagesIndividualAllocation        = false                                  {pd product} {ergonomic}

Logging:
Log output configuration:
 #0: stdout all=warning uptime,level,tags foldmultilines=false
 #1: stderr all=off uptime,level,tags foldmultilines=false

Environment Variables:
PATH=C:\Program Files\Git\mingw64\libexec\git-core;C:\Program Files\Git\mingw64\libexec\git-core;C:\Program Files\Git\mingw64\bin;C:\Program Files\Git\usr\bin;C:\Users\kaled\bin;C:\Program Files\Common Files\Oracle\Java\javapath;C:\Program Files (x86)\Common Files\Oracle\Java\java8path;C:\Program Files (x86)\Common Files\Oracle\Java\javapath;C:\WINDOWS\system32;C:\WINDOWS;C:\WINDOWS\System32\Wbem;C:\WINDOWS\System32\WindowsPowerShell\v1.0;C:\WINDOWS\System32\OpenSSH;C:\Program Files\Microsoft SQL Server\Client SDK\ODBC\170\Tools\Binn;C:\Program Files (x86)\Microsoft SQL Server\150\Tools\Binn;C:\Program Files\Microsoft SQL Server\150\Tools\Binn;C:\Program Files\Microsoft SQL Server\150\DTS\Binn;C:\Program Files (x86)\Microsoft SQL Server\150\DTS\Binn;C:\Program Files\dotnet;C:\ProgramData\ComposerSetup\bin;C:\Program Files\Java\jdk-1.8\bin;C:\Program Files\Java\jre-1.8\bin;C:\Program Files\nodejs;C:\Program Files (x86)\NVIDIA Corporation\PhysX\Common;C:\Program Files\NVIDIA Corporation\NVIDIA NvDLISR;C:\Program Files (x86)\Microsoft SQL Server\100\Tools\Binn;C:\Program Files\Microsoft SQL Server\100\Tools\Binn;C:\Program Files\Microsoft SQL Server\100\DTS\Binn;C:\Users\kaled\.config\herd\bin\nvm;C:\Program Files\nodejs;C:\Program Files\PowerShell\7;C:\Program Files (x86)\dotnet;C:\Program Files\dotnet;C:\Program Files\PowerShell\7-preview\preview;C:\Program Files\PuTTY;C:\Program Files\Git\cmd;C:\laragon\bin;C:\laragon\bin\apache\httpd-2.4.54-win64-VS16\bin;C:\laragon\bin\composer;C:\laragon\bin\git\bin;C:\laragon\bin\git\cmd;C:\laragon\bin\git\mingw64\bin;C:\laragon\bin\git\usr\bin;C:\laragon\bin\laragon\utils;C:\laragon\bin\mysql\mysql-8.0.30-winx64\bin;C:\laragon\bin\nginx\nginx-1.22.0;C:\laragon\bin\ngrok;C:\laragon\bin\nodejs\node-v18;C:\laragon\bin\notepad++;C:\laragon\bin\php\php-8.2.25-Win32-vs16-x64;C:\laragon\bin\python\python-3.10;C:\laragon\bin\python\python-3.10\Scripts;C:\laragon\bin\redis\redis-x64-5.0.14.1;C:\laragon\bin\telnet;C:\laragon\usr\bin;C:\Users\kaled\AppData\Local\Yarn\config\global\node_modules\.bin;C:\Users\kaled\AppData\Roaming\Composer\vendor\bin;C:\Users\kaled\AppData\Roaming\npm;C:\Users\kaled\anaconda3\Scripts;C:\Users\kaled\anaconda3;C:\Users\kaled\AppData\Local\Programs\Python\Launcher;C:\Users\kaled\anaconda3;C:\Users\kaled\anaconda3\Library\mingw-w64\bin;C:\Users\kaled\anaconda3\Library\usr\bin;C:\Users\kaled\anaconda3\Library\bin;C:\Users\kaled\anaconda3\Scripts;C:\Users\kaled\AppData\Local\Programs\Python\Python312\Scripts;C:\Users\kaled\AppData\Local\Programs\Python\Python312;C:\Users\kaled\scoop\shims;C:\Users\kaled\AppData\Local\Microsoft\WindowsApps;C:\xampp\php;C:\Users\kaled\AppData\Local\ComposerSetup\bin;C:\Users\kaled\AppData\Local\GitHubDesktop\bin;C:\Users\kaled\AppData\Local\Programs\Microsoft VS Code;C:\MinGW\bin;C:\Program Files\JetBrains\CLion 2024.1\bin;C:\Users\kaled\AppData\Local\Programs\Microsoft VS Code\bin;C:\Program Files\heroku\bin;C:\Users\kaled\AppData\Local\Programs\Python\Python312\Scripts;C:\Users\kaled\AppData\Local\Programs\Python\Launcher;C:\Program Files\JetBrains\PhpStorm 2024.2.4\bin;C:\Users\kaled\.dotnet\tools;C:\Users\kaled\AppData\Local\Programs\Windsurf\bin
USERNAME=kaled
DISPLAY=:0.0
LC_ALL=en_US.UTF-8
TERM=xterm-256color
TMPDIR=C:\Users\kaled\AppData\Local\Temp
OS=Windows_NT
PROCESSOR_IDENTIFIER=Intel64 Family 6 Model 140 Stepping 1, GenuineIntel
TMP=C:\Users\kaled\AppData\Local\Temp
TEMP=C:\Users\kaled\AppData\Local\Temp




Periodic native trim disabled

JNI global refs:
JNI global refs: 0, weak refs: 0

JNI global refs memory usage: 0, weak refs: 0

Process memory usage:
Resident Set Size: 13076K (0% of 16461136K total physical memory with 2072420K free physical memory)

OOME stack traces (most recent first):
Classloader memory used:

---------------  S Y S T E M  ---------------

OS:
 Windows 11 , 64 bit Build 26100 (10.0.26100.2416)
OS uptime: 6 days 8:30 hours
Hyper-V role detected

CPU: total 8 (initial active 8) (4 cores per cpu, 2 threads per core) family 6 model 140 stepping 1 microcode 0x86, cx8, cmov, fxsr, ht, mmx, 3dnowpref, sse, sse2, sse3, ssse3, sse4.1, sse4.2, popcnt, lzcnt, tsc, tscinvbit, avx, avx2, aes, erms, clmul, bmi1, bmi2, adx, avx512f, avx512dq, avx512cd, avx512bw, avx512vl, sha, fma, vzeroupper, avx512_vpopcntdq, avx512_vpclmulqdq, avx512_vaes, avx512_vnni, clflush, clflushopt, clwb, avx512_vbmi2, avx512_vbmi, hv, rdtscp, rdpid, fsrm, gfni, avx512_bitalg, f16c, cet_ibt, cet_ss, avx512_ifma
Processor Information for all 8 processors :
  Max Mhz: 3302, Current Mhz: 3302, Mhz Limit: 3302

Memory: 4k page, system-wide physical 16075M (2024M free)
TotalPageFile size 29740M (AvailPageFile size 6M)
current process WorkingSet (physical memory assigned to process): 12M, peak: 12M
current process commit charge ("private bytes"): 52M, peak: 53M

vm_info: OpenJDK 64-Bit Server VM (21.0.5+8-b631.16) for windows-amd64 JRE (21.0.5+8-b631.16), built on 2024-11-02 by "builduser" with MS VC++ 16.10 / 16.11 (VS2019)

END.
